<?xml version="1.0" encoding="UTF-8"?>
<coverage generated="1783698538164" clover="3.2.0">
  <project timestamp="1783698538164" name="All files">
    <metrics statements="8" coveredstatements="8" conditionals="16" coveredconditionals="12" methods="5" coveredmethods="5" elements="29" coveredelements="25" complexity="0" loc="8" ncloc="8" packages="1" files="2" classes="2"/>
    <file name="Card.tsx" path="/Users/gautiernoumfie/Documents/HTW saar/4.semester/ASE/togePyProjekt/Sans titre/togepy/react/togePy/src/components/Card.tsx">
      <metrics statements="4" coveredstatements="4" conditionals="13" coveredconditionals="10" methods="2" coveredmethods="2"/>
      <line num="21" count="2" type="stmt"/>
      <line num="23" count="2" type="stmt"/>
      <line num="43" count="1" type="stmt"/>
      <line num="44" count="1" type="stmt"/>
    </file>
    <file name="SearchBar.tsx" path="/Users/gautiernoumfie/Documents/HTW saar/4.semester/ASE/togePyProjekt/Sans titre/togepy/react/togePy/src/components/SearchBar.tsx">
      <metrics statements="4" coveredstatements="4" conditionals="3" coveredconditionals="2" methods="3" coveredmethods="3"/>
      <line num="16" count="2" type="stmt"/>
      <line num="26" count="1" type="stmt"/>
      <line num="28" count="1" type="cond" truecount="1" falsecount="1"/>
      <line num="29" count="1" type="stmt"/>
    </file>
  </project>
</coverage>
