{"/Users/gautiernoumfie/Documents/HTW saar/4.semester/ASE/togePyProjekt/Sans titre/togepy/react/togePy/src/components/Card.tsx": {"path":"/Users/gautiernoumfie/Documents/HTW saar/4.semester/ASE/togePyProjekt/Sans titre/togepy/react/togePy/src/components/Card.tsx","statementMap":{"0":{"start":{"line":21,"column":22},"end":{"line":21,"column":null}},"1":{"start":{"line":23,"column":2},"end":{"line":70,"column":null}},"2":{"start":{"line":43,"column":12},"end":{"line":43,"column":null}},"3":{"start":{"line":44,"column":12},"end":{"line":44,"column":null}}},"fnMap":{"0":{"name":"Card","decl":{"start":{"line":12,"column":24},"end":{"line":12,"column":29}},"loc":{"start":{"line":20,"column":14},"end":{"line":72,"column":null}},"line":20},"1":{"name":"(anonymous_1)","decl":{"start":{"line":42,"column":10},"end":{"line":42,"column":20}},"loc":{"start":{"line":42,"column":26},"end":{"line":45,"column":null}},"line":42}},"branchMap":{"0":{"loc":{"start":{"line":16,"column":2},"end":{"line":16,"column":null}},"type":"default-arg","locations":[{"start":{"line":16,"column":14},"end":{"line":16,"column":null}}],"line":16},"1":{"loc":{"start":{"line":17,"column":2},"end":{"line":17,"column":null}},"type":"default-arg","locations":[{"start":{"line":17,"column":14},"end":{"line":17,"column":null}}],"line":17},"2":{"loc":{"start":{"line":36,"column":10},"end":{"line":36,"column":null}},"type":"cond-expr","locations":[{"start":{"line":36,"column":24},"end":{"line":36,"column":64}},{"start":{"line":36,"column":64},"end":{"line":36,"column":null}}],"line":36},"3":{"loc":{"start":{"line":40,"column":7},"end":{"line":50,"column":null}},"type":"binary-expr","locations":[{"start":{"line":40,"column":7},"end":{"line":40,"column":null}},{"start":{"line":41,"column":8},"end":{"line":50,"column":null}}],"line":40},"4":{"loc":{"start":{"line":53,"column":8},"end":{"line":66,"column":null}},"type":"binary-expr","locations":[{"start":{"line":53,"column":8},"end":{"line":53,"column":17}},{"start":{"line":53,"column":17},"end":{"line":53,"column":null}},{"start":{"line":54,"column":8},"end":{"line":66,"column":null}}],"line":53},"5":{"loc":{"start":{"line":55,"column":11},"end":{"line":61,"column":null}},"type":"binary-expr","locations":[{"start":{"line":55,"column":11},"end":{"line":55,"column":null}},{"start":{"line":56,"column":12},"end":{"line":61,"column":null}}],"line":55},"6":{"loc":{"start":{"line":61,"column":11},"end":{"line":66,"column":null}},"type":"binary-expr","locations":[{"start":{"line":61,"column":11},"end":{"line":61,"column":null}},{"start":{"line":62,"column":12},"end":{"line":66,"column":null}}],"line":61}},"s":{"0":2,"1":2,"2":1,"3":1},"f":{"0":2,"1":1},"b":{"0":[2],"1":[2],"2":[0,2],"3":[2,1],"4":[2,0,2],"5":[2,2],"6":[2,0]},"meta":{"lastBranch":7,"lastFunction":2,"lastStatement":4,"seen":{"f:12:24:12:29":0,"b:16:14:16:Infinity":0,"b:17:14:17:Infinity":1,"s:21:22:21:Infinity":0,"s:23:2:70:Infinity":1,"b:36:24:36:64:36:64:36:Infinity":2,"b:40:7:40:Infinity:41:8:50:Infinity":3,"f:42:10:42:20":1,"s:43:12:43:Infinity":2,"s:44:12:44:Infinity":3,"b:53:8:53:17:53:17:53:Infinity:54:8:66:Infinity":4,"b:55:11:55:Infinity:56:12:61:Infinity":5,"b:61:11:61:Infinity:62:12:66:Infinity":6},"fnNames":{}}}
,"/Users/gautiernoumfie/Documents/HTW saar/4.semester/ASE/togePyProjekt/Sans titre/togepy/react/togePy/src/components/SearchBar.tsx": {"path":"/Users/gautiernoumfie/Documents/HTW saar/4.semester/ASE/togePyProjekt/Sans titre/togepy/react/togePy/src/components/SearchBar.tsx","statementMap":{"0":{"start":{"line":16,"column":2},"end":{"line":52,"column":null}},"1":{"start":{"line":26,"column":25},"end":{"line":26,"column":null}},"2":{"start":{"line":28,"column":10},"end":{"line":30,"column":null}},"3":{"start":{"line":29,"column":12},"end":{"line":29,"column":null}}},"fnMap":{"0":{"name":"SearchBar","decl":{"start":{"line":10,"column":24},"end":{"line":10,"column":34}},"loc":{"start":{"line":15,"column":19},"end":{"line":54,"column":null}},"line":15},"1":{"name":"(anonymous_1)","decl":{"start":{"line":26,"column":8},"end":{"line":26,"column":19}},"loc":{"start":{"line":26,"column":25},"end":{"line":26,"column":null}},"line":26},"2":{"name":"(anonymous_2)","decl":{"start":{"line":27,"column":8},"end":{"line":27,"column":20}},"loc":{"start":{"line":27,"column":26},"end":{"line":31,"column":null}},"line":27}},"branchMap":{"0":{"loc":{"start":{"line":14,"column":2},"end":{"line":14,"column":null}},"type":"default-arg","locations":[{"start":{"line":14,"column":16},"end":{"line":14,"column":null}}],"line":14},"1":{"loc":{"start":{"line":28,"column":10},"end":{"line":30,"column":null}},"type":"if","locations":[{"start":{"line":28,"column":10},"end":{"line":30,"column":null}},{"start":{},"end":{}}],"line":28}},"s":{"0":2,"1":1,"2":1,"3":1},"f":{"0":2,"1":1,"2":1},"b":{"0":[2],"1":[1,0]},"meta":{"lastBranch":2,"lastFunction":3,"lastStatement":4,"seen":{"f:10:24:10:34":0,"b:14:16:14:Infinity":0,"s:16:2:52:Infinity":0,"f:26:8:26:19":1,"s:26:25:26:Infinity":1,"f:27:8:27:20":2,"b:28:10:30:Infinity:undefined:undefined:undefined:undefined":1,"s:28:10:30:Infinity":2,"s:29:12:29:Infinity":3},"fnNames":{}}}
}
